2024-06-11 15:29:45.121 [info] Extension host with pid 10986 started
2024-06-11 15:29:45.121 [info] [resolveAuthority(ssh-remote,1)][0ms] activating remote resolvers ssh-remote+dev-server
2024-06-11 15:29:45.121 [info] [resolveAuthority(ssh-remote,1)][0ms] activating resolver for ssh-remote+dev-server...
2024-06-11 15:29:45.123 [info] ExtensionService#_doActivateExtension ms-vscode-remote.remote-ssh, startup: false, activationEvent: 'onResolveRemoteAuthority:ssh-remote'
2024-06-11 15:29:45.153 [info] [resolveAuthority(ssh-remote,1)][33ms] invoking final resolve()...
2024-06-11 15:29:46.153 [info] [resolveAuthority(ssh-remote,1)][1033ms] waiting...
2024-06-11 15:29:47.153 [info] [resolveAuthority(ssh-remote,1)][2033ms] waiting...
2024-06-11 15:29:48.153 [info] [resolveAuthority(ssh-remote,1)][3033ms] waiting...
2024-06-11 15:29:49.153 [info] [resolveAuthority(ssh-remote,1)][4033ms] waiting...
2024-06-11 15:29:50.154 [info] [resolveAuthority(ssh-remote,1)][5034ms] waiting...
2024-06-11 15:29:51.154 [info] [resolveAuthority(ssh-remote,1)][6034ms] waiting...
2024-06-11 15:29:52.154 [info] [resolveAuthority(ssh-remote,1)][7034ms] waiting...
2024-06-11 15:29:52.747 [info] [resolveAuthority(ssh-remote,1)][7627ms] setting tunnel factory...
2024-06-11 15:29:52.748 [info] [resolveAuthority(ssh-remote,1)][7628ms] returned 127.0.0.1:33391
2024-06-11 15:29:54.377 [info] ExtensionService#_doActivateExtension Catppuccin.catppuccin-vsc, startup: true, activationEvent: '*'
2024-06-11 15:29:54.378 [info] ExtensionService#_doActivateExtension vscodevim.vim, startup: true, activationEvent: '*'
2024-06-11 15:29:54.408 [error] Activating extension Catppuccin.catppuccin-vsc failed due to an error:
2024-06-11 15:29:54.408 [error] Error: EROFS: read-only file system, open '/nix/store/5h8mz110c03qfrsn55rmi5fppgyicfhp-vscode-extension-catppuccin-catppuccin-vsc-2.6.1/share/vscode/extensions/catppuccin.catppuccin-vsc/themes/.flag'
	at Object.openSync (node:fs:605:3)
	at Object.func [as openSync] (node:electron/js2c/node_init:2:2214)
	at Object.writeFileSync (node:fs:2345:35)
	at j.isFreshInstall (/nix/store/5h8mz110c03qfrsn55rmi5fppgyicfhp-vscode-extension-catppuccin-catppuccin-vsc-2.6.1/share/vscode/extensions/catppuccin.catppuccin-vsc/dist/main.js:1:68895)
	at Y (/nix/store/5h8mz110c03qfrsn55rmi5fppgyicfhp-vscode-extension-catppuccin-catppuccin-vsc-2.6.1/share/vscode/extensions/catppuccin.catppuccin-vsc/dist/main.js:1:69143)
	at Z.kb (/nix/store/snglls64alc8xnb2ynmlbaj1n6sy19i7-vscode-1.89.1/lib/vscode/resources/app/out/vs/workbench/api/node/extensionHostProcess.js:159:13465)
	at Z.jb (/nix/store/snglls64alc8xnb2ynmlbaj1n6sy19i7-vscode-1.89.1/lib/vscode/resources/app/out/vs/workbench/api/node/extensionHostProcess.js:159:13175)
	at /nix/store/snglls64alc8xnb2ynmlbaj1n6sy19i7-vscode-1.89.1/lib/vscode/resources/app/out/vs/workbench/api/node/extensionHostProcess.js:159:11197
	at async h.n (/nix/store/snglls64alc8xnb2ynmlbaj1n6sy19i7-vscode-1.89.1/lib/vscode/resources/app/out/vs/workbench/api/node/extensionHostProcess.js:143:6281)
	at async h.m (/nix/store/snglls64alc8xnb2ynmlbaj1n6sy19i7-vscode-1.89.1/lib/vscode/resources/app/out/vs/workbench/api/node/extensionHostProcess.js:143:6244)
	at async h.l (/nix/store/snglls64alc8xnb2ynmlbaj1n6sy19i7-vscode-1.89.1/lib/vscode/resources/app/out/vs/workbench/api/node/extensionHostProcess.js:143:5701)
2024-06-11 15:29:54.450 [info] Eager extensions activated
2024-06-11 15:29:55.428 [error] Error: ENOENT: no such file or directory, open '/home/nazarov/.config/Code/User/globalStorage/vscodevim.vim/.registers'
2024-06-11 15:29:58.828 [info] ExtensionService#_doActivateExtension vscode.github-authentication, startup: false, activationEvent: 'onAuthenticationRequest:github'
