2024-06-11 15:30:07.806 [info] Reading sessions from keychain...
2024-06-11 15:30:07.808 [info] Getting sessions for all scopes...
2024-06-11 15:30:07.808 [info] Got 0 sessions for ...
2024-06-11 15:30:07.819 [info] Getting sessions for all scopes...
2024-06-11 15:30:07.819 [info] Got 0 sessions for ...
2024-06-11 15:30:08.766 [info] Getting sessions for read:user,repo,user:email...
2024-06-11 15:30:08.766 [info] Got 0 sessions for read:user,repo,user:email...
2024-06-11 15:30:08.766 [info] Getting sessions for read:user,repo,user:email,workflow...
2024-06-11 15:30:08.766 [info] Got 0 sessions for read:user,repo,user:email,workflow...
2024-06-11 15:30:08.766 [info] Getting sessions for read:user,repo,user:email,workflow...
2024-06-11 15:30:08.766 [info] Got 0 sessions for read:user,repo,user:email,workflow...
2024-06-11 15:30:08.957 [info] Getting sessions for read:user...
2024-06-11 15:30:08.957 [info] Got 0 sessions for read:user...
2024-06-11 15:30:08.957 [info] Getting sessions for read:user...
2024-06-11 15:30:08.957 [info] Got 0 sessions for read:user...
2024-06-11 15:30:09.106 [info] Getting sessions for user:email...
2024-06-11 15:30:09.106 [info] Got 0 sessions for user:email...
2024-06-11 15:30:09.106 [info] Getting sessions for user:email...
2024-06-11 15:30:09.106 [info] Got 0 sessions for user:email...
2024-06-11 15:30:09.317 [info] Getting sessions for read:user,repo,user:email,workflow...
2024-06-11 15:30:09.317 [info] Got 0 sessions for read:user,repo,user:email,workflow...
2024-06-11 15:30:09.464 [info] Getting sessions for read:user...
2024-06-11 15:30:09.464 [info] Got 0 sessions for read:user...
2024-06-11 15:30:09.612 [info] Getting sessions for user:email...
2024-06-11 15:30:09.612 [info] Got 0 sessions for user:email...
2024-06-11 15:30:25.997 [info] Reading sessions from keychain...
2024-06-11 15:30:25.997 [info] Getting sessions for all scopes...
2024-06-11 15:30:25.997 [info] Got 0 sessions for ...
2024-06-11 15:30:26.005 [info] Getting sessions for all scopes...
2024-06-11 15:30:26.005 [info] Got 0 sessions for ...
2024-06-11 15:30:26.129 [info] Getting sessions for read:user,repo,user:email...
2024-06-11 15:30:26.129 [info] Got 0 sessions for read:user,repo,user:email...
2024-06-11 15:30:28.961 [info] Getting sessions for read:user,repo,user:email,workflow...
2024-06-11 15:30:28.961 [info] Got 0 sessions for read:user,repo,user:email,workflow...
2024-06-11 15:30:28.961 [info] Getting sessions for read:user,repo,user:email,workflow...
2024-06-11 15:30:28.961 [info] Got 0 sessions for read:user,repo,user:email,workflow...
2024-06-11 15:30:29.396 [info] Getting sessions for read:user...
2024-06-11 15:30:29.396 [info] Got 0 sessions for read:user...
2024-06-11 15:30:29.396 [info] Getting sessions for read:user...
2024-06-11 15:30:29.396 [info] Got 0 sessions for read:user...
2024-06-11 15:30:29.546 [info] Getting sessions for user:email...
2024-06-11 15:30:29.546 [info] Got 0 sessions for user:email...
2024-06-11 15:30:29.546 [info] Getting sessions for user:email...
2024-06-11 15:30:29.546 [info] Got 0 sessions for user:email...
2024-06-11 15:30:30.343 [info] Getting sessions for read:user,repo,user:email,workflow...
2024-06-11 15:30:30.343 [info] Got 0 sessions for read:user,repo,user:email,workflow...
2024-06-11 15:30:30.528 [info] Getting sessions for read:user...
2024-06-11 15:30:30.528 [info] Got 0 sessions for read:user...
2024-06-11 15:30:30.721 [info] Getting sessions for user:email...
2024-06-11 15:30:30.721 [info] Got 0 sessions for user:email...
