2024-06-11 15:29:58.834 [info] Reading sessions from keychain...
2024-06-11 15:29:58.834 [info] Getting sessions for all scopes...
2024-06-11 15:29:58.834 [info] Got 0 sessions for ...
2024-06-11 15:29:58.840 [info] Getting sessions for all scopes...
2024-06-11 15:29:58.840 [info] Got 0 sessions for ...
2024-06-11 15:29:59.853 [info] Getting sessions for read:user,repo,user:email...
2024-06-11 15:29:59.853 [info] Got 0 sessions for read:user,repo,user:email...
2024-06-11 15:29:59.853 [info] Getting sessions for read:user,repo,user:email,workflow...
2024-06-11 15:29:59.853 [info] Got 0 sessions for read:user,repo,user:email,workflow...
2024-06-11 15:29:59.853 [info] Getting sessions for read:user,repo,user:email,workflow...
2024-06-11 15:29:59.853 [info] Got 0 sessions for read:user,repo,user:email,workflow...
2024-06-11 15:30:00.043 [info] Getting sessions for read:user...
2024-06-11 15:30:00.043 [info] Got 0 sessions for read:user...
2024-06-11 15:30:00.043 [info] Getting sessions for read:user...
2024-06-11 15:30:00.043 [info] Got 0 sessions for read:user...
2024-06-11 15:30:00.191 [info] Getting sessions for user:email...
2024-06-11 15:30:00.191 [info] Got 0 sessions for user:email...
2024-06-11 15:30:00.192 [info] Getting sessions for user:email...
2024-06-11 15:30:00.192 [info] Got 0 sessions for user:email...
2024-06-11 15:30:00.396 [info] Getting sessions for read:user,repo,user:email,workflow...
2024-06-11 15:30:00.396 [info] Got 0 sessions for read:user,repo,user:email,workflow...
2024-06-11 15:30:00.547 [info] Getting sessions for read:user...
2024-06-11 15:30:00.547 [info] Got 0 sessions for read:user...
