2024-06-11 15:29:32.366 [info] Reading sessions from keychain...
2024-06-11 15:29:32.366 [info] Getting sessions for all scopes...
2024-06-11 15:29:32.366 [info] Got 0 sessions for ...
2024-06-11 15:29:32.366 [info] Getting sessions for read:user,repo,user:email,workflow...
2024-06-11 15:29:32.366 [info] Got 0 sessions for read:user,repo,user:email,workflow...
2024-06-11 15:29:32.366 [info] Getting sessions for read:user,repo,user:email,workflow...
2024-06-11 15:29:32.366 [info] Got 0 sessions for read:user,repo,user:email,workflow...
2024-06-11 15:29:32.367 [info] Getting sessions for read:user...
2024-06-11 15:29:32.367 [info] Got 0 sessions for read:user...
2024-06-11 15:29:32.367 [info] Getting sessions for read:user...
2024-06-11 15:29:32.367 [info] Got 0 sessions for read:user...
2024-06-11 15:29:32.367 [info] Getting sessions for user:email...
2024-06-11 15:29:32.367 [info] Got 0 sessions for user:email...
2024-06-11 15:29:32.367 [info] Getting sessions for user:email...
2024-06-11 15:29:32.367 [info] Got 0 sessions for user:email...
2024-06-11 15:29:32.373 [info] Getting sessions for read:user,repo,user:email,workflow...
2024-06-11 15:29:32.373 [info] Got 0 sessions for read:user,repo,user:email,workflow...
2024-06-11 15:29:32.374 [info] Getting sessions for read:user...
2024-06-11 15:29:32.374 [info] Got 0 sessions for read:user...
2024-06-11 15:29:32.431 [info] Getting sessions for all scopes...
2024-06-11 15:29:32.431 [info] Got 0 sessions for ...
2024-06-11 15:29:32.432 [info] Getting sessions for user:email...
2024-06-11 15:29:32.432 [info] Got 0 sessions for user:email...
