2024-06-11 15:30:04.190 [info] Reading sessions from keychain...
2024-06-11 15:30:04.190 [info] Getting sessions for all scopes...
2024-06-11 15:30:04.190 [info] Got 0 sessions for ...
2024-06-11 15:30:04.190 [info] Getting sessions for read:user,repo,user:email,workflow...
2024-06-11 15:30:04.190 [info] Got 0 sessions for read:user,repo,user:email,workflow...
2024-06-11 15:30:04.190 [info] Getting sessions for read:user,repo,user:email,workflow...
2024-06-11 15:30:04.190 [info] Got 0 sessions for read:user,repo,user:email,workflow...
2024-06-11 15:30:04.190 [info] Getting sessions for read:user...
2024-06-11 15:30:04.190 [info] Got 0 sessions for read:user...
2024-06-11 15:30:04.190 [info] Getting sessions for read:user...
2024-06-11 15:30:04.190 [info] Got 0 sessions for read:user...
2024-06-11 15:30:04.190 [info] Getting sessions for user:email...
2024-06-11 15:30:04.190 [info] Got 0 sessions for user:email...
2024-06-11 15:30:04.190 [info] Getting sessions for user:email...
2024-06-11 15:30:04.190 [info] Got 0 sessions for user:email...
2024-06-11 15:30:04.196 [info] Getting sessions for read:user,repo,user:email,workflow...
2024-06-11 15:30:04.196 [info] Got 0 sessions for read:user,repo,user:email,workflow...
2024-06-11 15:30:04.262 [info] Getting sessions for read:user...
2024-06-11 15:30:04.262 [info] Got 0 sessions for read:user...
2024-06-11 15:30:04.262 [info] Getting sessions for all scopes...
2024-06-11 15:30:04.262 [info] Got 0 sessions for ...
2024-06-11 15:30:04.263 [info] Getting sessions for user:email...
2024-06-11 15:30:04.263 [info] Got 0 sessions for user:email...
